2020-04-01 15:44:35.457  INFO 58676 --- [main] c.o.w.WorksheetModellingApplication      : Starting WorksheetModellingApplication on HQIT-TATSIK-OLI with PID 58676 (C:\Users\olivier.tatsinkou\Documents\NetBeansProjects\worksheet_Modelling\target\classes started by olivier.tatsinkou in C:\Users\olivier.tatsinkou\Documents\NetBeansProjects\worksheet_Modelling)
2020-04-01 15:44:35.459  INFO 58676 --- [main] c.o.w.WorksheetModellingApplication      : No active profile set, falling back to default profiles: default
2020-04-01 15:44:36.570  INFO 58676 --- [main] .s.d.r.c.RepositoryConfigurationDelegate : Bootstrapping Spring Data JPA repositories in DEFAULT mode.
2020-04-01 15:44:36.654  INFO 58676 --- [main] .s.d.r.c.RepositoryConfigurationDelegate : Finished Spring Data repository scanning in 75ms. Found 3 JPA repository interfaces.
2020-04-01 15:44:37.196  INFO 58676 --- [main] trationDelegate$BeanPostProcessorChecker : Bean 'org.springframework.ws.config.annotation.DelegatingWsConfiguration' of type [org.springframework.ws.config.annotation.DelegatingWsConfiguration$$EnhancerBySpringCGLIB$$79c76198] is not eligible for getting processed by all BeanPostProcessors (for example: not eligible for auto-proxying)
2020-04-01 15:44:37.244  INFO 58676 --- [main] .w.s.a.s.AnnotationActionEndpointMapping : Supporting [WS-Addressing August 2004, WS-Addressing 1.0]
2020-04-01 15:44:37.743  INFO 58676 --- [main] o.s.b.w.embedded.tomcat.TomcatWebServer  : Tomcat initialized with port(s): 8090 (http)
2020-04-01 15:44:37.756  INFO 58676 --- [main] o.apache.catalina.core.StandardService   : Starting service [Tomcat]
2020-04-01 15:44:37.757  INFO 58676 --- [main] org.apache.catalina.core.StandardEngine  : Starting Servlet engine: [Apache Tomcat/9.0.33]
2020-04-01 15:44:37.758  INFO 58676 --- [main] o.a.catalina.core.AprLifecycleListener   : An older version [1.2.17] of the APR based Apache Tomcat Native library is installed, while Tomcat recommends a minimum version of [1.2.23]
2020-04-01 15:44:37.759  INFO 58676 --- [main] o.a.catalina.core.AprLifecycleListener   : Loaded APR based Apache Tomcat Native library [1.2.17] using APR version [1.6.3].
2020-04-01 15:44:37.759  INFO 58676 --- [main] o.a.catalina.core.AprLifecycleListener   : APR capabilities: IPv6 [true], sendfile [true], accept filters [false], random [true].
2020-04-01 15:44:37.759  INFO 58676 --- [main] o.a.catalina.core.AprLifecycleListener   : APR/OpenSSL configuration: useAprConnector [false], useOpenSSL [true]
2020-04-01 15:44:38.852  INFO 58676 --- [main] o.a.catalina.core.AprLifecycleListener   : OpenSSL successfully initialized [OpenSSL 1.0.2o  27 Mar 2018]
2020-04-01 15:44:39.022  INFO 58676 --- [main] o.a.c.c.C.[Tomcat].[localhost].[/]       : Initializing Spring embedded WebApplicationContext
2020-04-01 15:44:39.022  INFO 58676 --- [main] o.s.web.context.ContextLoader            : Root WebApplicationContext: initialization completed in 3450 ms
2020-04-01 15:44:39.268  INFO 58676 --- [main] com.zaxxer.hikari.HikariDataSource       : HikariPool-1 - Starting...
2020-04-01 15:44:39.512  INFO 58676 --- [main] com.zaxxer.hikari.HikariDataSource       : HikariPool-1 - Start completed.
2020-04-01 15:44:39.521  INFO 58676 --- [main] o.s.b.a.h2.H2ConsoleAutoConfiguration    : H2 console available at '/h2-console'. Database available at 'jdbc:h2:mem:testdb'
2020-04-01 15:44:39.760  INFO 58676 --- [main] o.hibernate.jpa.internal.util.LogHelper  : HHH000204: Processing PersistenceUnitInfo [name: default]
2020-04-01 15:44:39.839  INFO 58676 --- [main] org.hibernate.Version                    : HHH000412: Hibernate ORM core version 5.4.12.Final
2020-04-01 15:44:40.001  INFO 58676 --- [main] o.hibernate.annotations.common.Version   : HCANN000001: Hibernate Commons Annotations {5.1.0.Final}
2020-04-01 15:44:40.158  INFO 58676 --- [main] org.hibernate.dialect.Dialect            : HHH000400: Using dialect: org.hibernate.dialect.H2Dialect
2020-04-01 15:44:40.960  INFO 58676 --- [main] o.h.e.t.j.p.i.JtaPlatformInitiator       : HHH000490: Using JtaPlatform implementation: [org.hibernate.engine.transaction.jta.platform.internal.NoJtaPlatform]
2020-04-01 15:44:40.968  INFO 58676 --- [main] j.LocalContainerEntityManagerFactoryBean : Initialized JPA EntityManagerFactory for persistence unit 'default'
2020-04-01 15:44:41.987  WARN 58676 --- [main] JpaBaseConfiguration$JpaWebConfiguration : spring.jpa.open-in-view is enabled by default. Therefore, database queries may be performed during view rendering. Explicitly configure spring.jpa.open-in-view to disable this warning
2020-04-01 15:44:42.168  INFO 58676 --- [main] o.s.s.concurrent.ThreadPoolTaskExecutor  : Initializing ExecutorService 'applicationTaskExecutor'
2020-04-01 15:44:42.769  INFO 58676 --- [main] o.s.b.w.embedded.tomcat.TomcatWebServer  : Tomcat started on port(s): 8090 (http) with context path ''
2020-04-01 15:44:42.772  INFO 58676 --- [main] c.o.w.WorksheetModellingApplication      : Started WorksheetModellingApplication in 7.849 seconds (JVM running for 8.248)
2020-04-01 15:44:55.375  INFO 58676 --- [http-nio-8090-exec-2] o.a.c.c.C.[Tomcat].[localhost].[/]       : Initializing Spring DispatcherServlet 'dispatcherServlet'
2020-04-01 15:44:55.375  INFO 58676 --- [http-nio-8090-exec-2] o.s.web.servlet.DispatcherServlet        : Initializing Servlet 'dispatcherServlet'
2020-04-01 15:44:55.409  INFO 58676 --- [http-nio-8090-exec-2] o.s.web.servlet.DispatcherServlet        : Completed initialization in 33 ms
2020-04-01 15:44:55.576  INFO 58676 --- [http-nio-8090-exec-2] c.o.w.controller.VotingController        : Motion{m_id=Alex3, text=Kolenchiskey, votes=1, in_favour=2}
